<?xml version="1.0" encoding="UTF-8"?>
<!-- Generated by org.testng.reporters.JUnitReportReporter -->
<testsuite hostname="DESKTOP-74NAGSF" failures="0" tests="1" name="dockertests.ChromeTest1" time="35.677" errors="0" timestamp="2023-07-12T21:55:20 IST" skipped="0">
  <testcase classname="dockertests.ChromeTest1" name="test1" time="35.677"/>
  <system-out/>
</testsuite> <!-- dockertests.ChromeTest1 -->
