<?xml version="1.0" encoding="UTF-8"?>
<!-- Generated by org.testng.reporters.JUnitReportReporter -->
<testsuite hostname="DESKTOP-74NAGSF" failures="0" tests="1" name="dockertests.ChromeTest2" time="51.119" errors="0" timestamp="2023-07-12T21:55:20 IST" skipped="0">
  <testcase classname="dockertests.ChromeTest2" name="test2" time="51.119"/>
  <system-out/>
</testsuite> <!-- dockertests.ChromeTest2 -->
