<?xml version="1.0" encoding="UTF-8"?>
<!-- Generated by org.testng.reporters.JUnitReportReporter -->
<testsuite hostname="DESKTOP-74NAGSF" failures="0" tests="1" name="dockertests.FirefoxTest" time="58.756" errors="0" timestamp="2023-07-12T21:55:20 IST" skipped="0">
  <testcase classname="dockertests.FirefoxTest" name="test2" time="58.756"/>
  <system-out/>
</testsuite> <!-- dockertests.FirefoxTest -->
